{"level":"error","message":"Error initializing database schema: SASL: SCRAM-SERVER-FIRST-MESSAGE: client password must be a string","service":"floor-decoration-api","stack":"Error: SASL: SCRAM-SERVER-FIRST-MESSAGE: client password must be a string\n    at /home/dazz/Downloads/floor-decoration-app/backend/node_modules/pg-pool/index.js:45:11\n    at processTicksAndRejections (node:internal/process/task_queues:95:5)","timestamp":"2025-06-17T12:09:42.492Z"}
{"level":"info","message":"Server running on port 5000","service":"floor-decoration-api","timestamp":"2025-06-17T12:09:42.502Z"}
{"code":"EAI_AGAIN","errno":-3001,"hostname":"base","level":"error","message":"Error initializing database schema: getaddrinfo EAI_AGAIN base","service":"floor-decoration-api","stack":"Error: getaddrinfo EAI_AGAIN base\n    at /home/dazz/Downloads/floor-decoration-app/backend/node_modules/pg-pool/index.js:45:11\n    at processTicksAndRejections (node:internal/process/task_queues:95:5)","syscall":"getaddrinfo","timestamp":"2025-06-17T12:58:34.522Z"}
{"level":"info","message":"Server running on port 5000","service":"floor-decoration-api","timestamp":"2025-06-17T12:58:34.528Z"}
{"code":"EAI_AGAIN","errno":-3001,"hostname":"base","level":"error","message":"Error initializing database schema: getaddrinfo EAI_AGAIN base","service":"floor-decoration-api","stack":"Error: getaddrinfo EAI_AGAIN base\n    at /home/dazz/Downloads/floor-decoration-app/backend/node_modules/pg-pool/index.js:45:11\n    at processTicksAndRejections (node:internal/process/task_queues:95:5)","syscall":"getaddrinfo","timestamp":"2025-06-17T13:09:58.608Z"}
{"level":"info","message":"Server running on port 5000","service":"floor-decoration-api","timestamp":"2025-06-17T13:09:58.614Z"}
{"level":"info","message":"Database schema initialized","service":"floor-decoration-api","timestamp":"2025-06-17T14:11:10.796Z"}
{"level":"info","message":"Server running on port 5000","service":"floor-decoration-api","timestamp":"2025-06-17T14:11:10.802Z"}
{"code":"42710","file":"trigger.c","length":136,"level":"error","line":"761","message":"Error initializing database schema: trigger \"update_users_updated_at\" for relation \"users\" already exists","name":"error","routine":"CreateTriggerFiringOn","service":"floor-decoration-api","severity":"ERROR","stack":"error: trigger \"update_users_updated_at\" for relation \"users\" already exists\n    at /home/dazz/Downloads/floor-decoration-app/backend/node_modules/pg-pool/index.js:45:11\n    at processTicksAndRejections (node:internal/process/task_queues:95:5)","timestamp":"2025-06-17T14:34:17.096Z"}
{"level":"info","message":"Server running on port 5000","service":"floor-decoration-api","timestamp":"2025-06-17T14:34:17.108Z"}
{"level":"info","message":"Database schema initialized","service":"floor-decoration-api","timestamp":"2025-06-17T14:37:52.567Z"}
{"level":"info","message":"Server running on port 5000","service":"floor-decoration-api","timestamp":"2025-06-17T14:37:52.571Z"}
{"level":"info","message":"POST /api/auth/login","service":"floor-decoration-api","timestamp":"2025-06-17T14:44:31.306Z"}
{"level":"info","message":"POST /api/auth/login","service":"floor-decoration-api","timestamp":"2025-06-17T14:49:02.546Z"}
{"level":"info","message":"POST /api/auth/login","service":"floor-decoration-api","timestamp":"2025-06-17T14:51:11.427Z"}
{"level":"info","message":"GET /api/services","service":"floor-decoration-api","timestamp":"2025-06-18T09:27:02.897Z"}
{"level":"info","message":"GET /api/services","service":"floor-decoration-api","timestamp":"2025-06-18T09:27:03.599Z"}
{"level":"info","message":"GET /api/projects","service":"floor-decoration-api","timestamp":"2025-06-18T09:27:07.473Z"}
{"level":"info","message":"GET /api/projects","service":"floor-decoration-api","timestamp":"2025-06-18T09:27:07.608Z"}
{"level":"info","message":"GET /api/projects","service":"floor-decoration-api","timestamp":"2025-06-18T09:28:12.160Z"}
{"level":"info","message":"GET /api/projects","service":"floor-decoration-api","timestamp":"2025-06-18T09:28:32.723Z"}
{"level":"info","message":"GET /api/projects","service":"floor-decoration-api","timestamp":"2025-06-18T09:28:42.775Z"}
{"level":"info","message":"GET /api/services","service":"floor-decoration-api","timestamp":"2025-06-18T09:28:59.056Z"}
{"level":"info","message":"GET /api/testimonials","service":"floor-decoration-api","timestamp":"2025-06-18T09:30:08.505Z"}
{"level":"info","message":"GET /api/testimonials","service":"floor-decoration-api","timestamp":"2025-06-18T09:30:08.617Z"}
{"level":"info","message":"GET /api/testimonials","service":"floor-decoration-api","timestamp":"2025-06-18T09:30:15.591Z"}
{"level":"info","message":"GET /api/services","service":"floor-decoration-api","timestamp":"2025-06-18T09:49:30.585Z"}
{"level":"info","message":"GET /api/services","service":"floor-decoration-api","timestamp":"2025-06-18T09:49:31.167Z"}
{"level":"info","message":"GET /api/projects","service":"floor-decoration-api","timestamp":"2025-06-18T09:49:33.464Z"}
{"level":"info","message":"GET /api/projects","service":"floor-decoration-api","timestamp":"2025-06-18T09:49:33.698Z"}
{"level":"info","message":"GET /api/projects","service":"floor-decoration-api","timestamp":"2025-06-18T09:56:56.694Z"}
{"level":"info","message":"GET /api/projects","service":"floor-decoration-api","timestamp":"2025-06-18T09:57:21.092Z"}
{"level":"info","message":"GET /api/projects","service":"floor-decoration-api","timestamp":"2025-06-18T09:59:30.714Z"}
{"level":"info","message":"GET /api/projects","service":"floor-decoration-api","timestamp":"2025-06-18T09:59:44.033Z"}
{"level":"info","message":"GET /api/projects","service":"floor-decoration-api","timestamp":"2025-06-18T10:00:29.888Z"}
{"level":"info","message":"GET /api/projects","service":"floor-decoration-api","timestamp":"2025-06-18T10:01:53.669Z"}
{"level":"info","message":"GET /api/projects","service":"floor-decoration-api","timestamp":"2025-06-18T10:03:52.188Z"}
{"level":"info","message":"GET /api/services","service":"floor-decoration-api","timestamp":"2025-06-18T10:04:27.542Z"}
{"level":"info","message":"GET /api/services","service":"floor-decoration-api","timestamp":"2025-06-18T10:04:27.722Z"}
{"level":"info","message":"GET /api/services","service":"floor-decoration-api","timestamp":"2025-06-18T10:42:11.666Z"}
{"level":"info","message":"GET /api/services","service":"floor-decoration-api","timestamp":"2025-06-18T12:01:30.454Z"}
{"level":"info","message":"GET /classify/products","service":"floor-decoration-api","timestamp":"2025-06-18T12:02:14.121Z"}
{"level":"info","message":"GET /classify/products","service":"floor-decoration-api","timestamp":"2025-06-18T12:02:22.520Z"}
{"level":"info","message":"GET /classify/products","service":"floor-decoration-api","timestamp":"2025-06-18T12:02:44.120Z"}
{"level":"info","message":"GET /classify/products","service":"floor-decoration-api","timestamp":"2025-06-18T12:02:52.648Z"}
{"level":"info","message":"GET /classify/products","service":"floor-decoration-api","timestamp":"2025-06-18T12:03:03.938Z"}
{"level":"info","message":"GET /classify/products","service":"floor-decoration-api","timestamp":"2025-06-18T12:03:05.225Z"}
{"level":"info","message":"GET /classify/products","service":"floor-decoration-api","timestamp":"2025-06-18T12:03:20.314Z"}
{"level":"info","message":"GET /api/services","service":"floor-decoration-api","timestamp":"2025-06-18T12:06:36.722Z"}
{"level":"info","message":"Database schema initialized","service":"floor-decoration-api","timestamp":"2025-06-19T08:15:19.638Z"}
{"level":"info","message":"Server running on port 5000","service":"floor-decoration-api","timestamp":"2025-06-19T08:15:19.666Z"}
{"level":"info","message":"GET /api/services","service":"floor-decoration-api","timestamp":"2025-06-19T08:16:08.259Z"}
{"level":"info","message":"GET /api/services","service":"floor-decoration-api","timestamp":"2025-06-19T08:18:01.236Z"}
{"level":"info","message":"GET /api/services","service":"floor-decoration-api","timestamp":"2025-06-19T08:21:47.564Z"}
{"level":"info","message":"GET /api/services","service":"floor-decoration-api","timestamp":"2025-06-19T08:24:24.721Z"}
{"level":"info","message":"Database schema initialized","service":"floor-decoration-api","timestamp":"2025-06-19T08:25:52.806Z"}
{"level":"info","message":"Server running on port 5000","service":"floor-decoration-api","timestamp":"2025-06-19T08:25:52.819Z"}
{"level":"info","message":"GET /api/services","service":"floor-decoration-api","timestamp":"2025-06-19T08:26:01.516Z"}
{"level":"info","message":"Database schema initialized","service":"floor-decoration-api","timestamp":"2025-06-19T08:27:32.961Z"}
{"level":"info","message":"Server running on port 5000","service":"floor-decoration-api","timestamp":"2025-06-19T08:27:32.970Z"}
{"level":"info","message":"GET /api/services","service":"floor-decoration-api","timestamp":"2025-06-19T08:27:35.945Z"}
{"level":"info","message":"Database schema initialized","service":"floor-decoration-api","timestamp":"2025-06-19T08:35:27.322Z"}
{"level":"info","message":"Server running on port 5000","service":"floor-decoration-api","timestamp":"2025-06-19T08:35:27.342Z"}
{"level":"info","message":"GET /api/services","service":"floor-decoration-api","timestamp":"2025-06-19T08:35:29.448Z"}
{"level":"info","message":"GET /api/services","service":"floor-decoration-api","timestamp":"2025-06-19T08:40:22.937Z"}
{"level":"info","message":"GET /api/services","service":"floor-decoration-api","timestamp":"2025-06-19T08:40:44.696Z"}
{"level":"info","message":"GET /api/services","service":"floor-decoration-api","timestamp":"2025-06-19T08:44:09.047Z"}
{"level":"info","message":"GET /api/services","service":"floor-decoration-api","timestamp":"2025-06-19T08:44:36.636Z"}
{"level":"info","message":"GET /api/services","service":"floor-decoration-api","timestamp":"2025-06-19T08:45:00.451Z"}
{"level":"info","message":"GET /api/services","service":"floor-decoration-api","timestamp":"2025-06-19T08:45:35.577Z"}
{"level":"info","message":"GET /api/service","service":"floor-decoration-api","timestamp":"2025-06-19T08:52:47.738Z"}
{"level":"info","message":"GET /api/services","service":"floor-decoration-api","timestamp":"2025-06-19T08:52:50.444Z"}
{"level":"info","message":"GET /api/services","service":"floor-decoration-api","timestamp":"2025-06-19T08:55:58.781Z"}
{"level":"info","message":"GET /api/projects","service":"floor-decoration-api","timestamp":"2025-06-19T08:57:53.045Z"}
{"level":"info","message":"GET /api/projects","service":"floor-decoration-api","timestamp":"2025-06-19T08:57:53.122Z"}
{"level":"info","message":"GET /api/projects","service":"floor-decoration-api","timestamp":"2025-06-19T08:57:53.214Z"}
{"level":"info","message":"GET /api/projects","service":"floor-decoration-api","timestamp":"2025-06-19T08:57:53.271Z"}
{"level":"info","message":"GET /api/projects","service":"floor-decoration-api","timestamp":"2025-06-19T08:57:53.299Z"}
{"level":"info","message":"GET /api/projects","service":"floor-decoration-api","timestamp":"2025-06-19T08:57:53.381Z"}
{"level":"info","message":"GET /api/projects","service":"floor-decoration-api","timestamp":"2025-06-19T09:03:22.688Z"}
{"level":"info","message":"GET /api/testimonials","service":"floor-decoration-api","timestamp":"2025-06-19T09:08:45.949Z"}
{"level":"info","message":"GET /api/testimonials","service":"floor-decoration-api","timestamp":"2025-06-19T09:11:12.425Z"}
{"level":"info","message":"GET /api/testimonials","service":"floor-decoration-api","timestamp":"2025-06-19T09:13:32.435Z"}
{"level":"info","message":"GET /api/testimonials","service":"floor-decoration-api","timestamp":"2025-06-19T09:14:12.256Z"}
{"level":"info","message":"GET /api/projects","service":"floor-decoration-api","timestamp":"2025-06-19T09:17:39.209Z"}
{"level":"info","message":"GET /api/testimonials","service":"floor-decoration-api","timestamp":"2025-06-19T09:17:53.944Z"}
{"level":"info","message":"GET /api/testimonials","service":"floor-decoration-api","timestamp":"2025-06-19T09:21:30.851Z"}
{"level":"info","message":"GET /api/testimonials","service":"floor-decoration-api","timestamp":"2025-06-19T09:24:44.695Z"}
{"level":"info","message":"GET /api/testimonials","service":"floor-decoration-api","timestamp":"2025-06-19T09:25:05.268Z"}
{"level":"info","message":"GET /api/testimonials","service":"floor-decoration-api","timestamp":"2025-06-19T09:26:57.980Z"}
{"level":"info","message":"GET /api/services","service":"floor-decoration-api","timestamp":"2025-06-19T09:31:42.285Z"}
{"level":"info","message":"GET /api/projects","service":"floor-decoration-api","timestamp":"2025-06-19T09:31:47.682Z"}
{"level":"info","message":"GET /api/projects","service":"floor-decoration-api","timestamp":"2025-06-19T09:34:21.619Z"}
{"level":"info","message":"GET /api/services","service":"floor-decoration-api","timestamp":"2025-06-19T10:09:34.375Z"}
{"level":"info","message":"GET /api/projects","service":"floor-decoration-api","timestamp":"2025-06-19T10:27:24.651Z"}
{"level":"info","message":"GET /api/testimonials","service":"floor-decoration-api","timestamp":"2025-06-19T10:27:36.503Z"}
{"level":"info","message":"GET /api/services","service":"floor-decoration-api","timestamp":"2025-06-19T10:27:42.176Z"}
{"level":"info","message":"POST /api/auth/login","service":"floor-decoration-api","timestamp":"2025-06-19T10:29:28.051Z"}
{"level":"info","message":"POST /api/auth/login","service":"floor-decoration-api","timestamp":"2025-06-19T10:30:09.471Z"}
{"level":"info","message":"POST /api/auth/login","service":"floor-decoration-api","timestamp":"2025-06-19T10:30:50.070Z"}
{"level":"info","message":"GET /api/projects","service":"floor-decoration-api","timestamp":"2025-06-19T10:31:20.288Z"}
{"level":"info","message":"GET /api/projects","service":"floor-decoration-api","timestamp":"2025-06-19T10:31:20.364Z"}
{"level":"info","message":"GET /api/projects","service":"floor-decoration-api","timestamp":"2025-06-19T10:34:38.693Z"}
{"level":"info","message":"GET /api/projects","service":"floor-decoration-api","timestamp":"2025-06-19T10:34:38.844Z"}
{"level":"info","message":"GET /api/projects/fd81f64b-c71f-41c1-b378-f4e63386c7da","service":"floor-decoration-api","timestamp":"2025-06-19T10:35:42.892Z"}
{"level":"info","message":"GET /api/projects/fd81f64b-c71f-41c1-b378-f4e63386c7da","service":"floor-decoration-api","timestamp":"2025-06-19T10:35:42.917Z"}
{"level":"info","message":"GET /api/projects","service":"floor-decoration-api","timestamp":"2025-06-19T10:35:49.103Z"}
{"level":"info","message":"GET /api/projects","service":"floor-decoration-api","timestamp":"2025-06-19T10:35:49.165Z"}
{"level":"info","message":"POST /api/projects","service":"floor-decoration-api","timestamp":"2025-06-19T10:37:02.670Z"}
{"level":"info","message":"POST /api/projects","service":"floor-decoration-api","timestamp":"2025-06-19T10:37:12.405Z"}
{"level":"info","message":"GET /api/services","service":"floor-decoration-api","timestamp":"2025-06-19T10:37:37.161Z"}
{"level":"info","message":"GET /api/services","service":"floor-decoration-api","timestamp":"2025-06-19T10:37:37.257Z"}
{"level":"info","message":"GET /api/projects","service":"floor-decoration-api","timestamp":"2025-06-19T10:37:50.804Z"}
{"level":"info","message":"GET /api/projects","service":"floor-decoration-api","timestamp":"2025-06-19T10:37:50.867Z"}
{"level":"info","message":"GET /api/projects","service":"floor-decoration-api","timestamp":"2025-06-19T10:38:09.494Z"}
{"level":"info","message":"GET /api/projects","service":"floor-decoration-api","timestamp":"2025-06-19T10:38:09.543Z"}
{"level":"info","message":"GET /api/testimonials","service":"floor-decoration-api","timestamp":"2025-06-19T10:38:10.834Z"}
{"level":"info","message":"GET /api/testimonials","service":"floor-decoration-api","timestamp":"2025-06-19T10:38:10.856Z"}
{"level":"info","message":"GET /api/testimonials","service":"floor-decoration-api","timestamp":"2025-06-19T10:38:21.618Z"}
{"level":"info","message":"GET /api/testimonials","service":"floor-decoration-api","timestamp":"2025-06-19T10:38:21.668Z"}
{"level":"info","message":"GET /api/users","service":"floor-decoration-api","timestamp":"2025-06-19T10:39:10.112Z"}
{"level":"info","message":"GET /api/users","service":"floor-decoration-api","timestamp":"2025-06-19T10:39:10.209Z"}
{"level":"info","message":"GET /api/logs?file=combined","service":"floor-decoration-api","timestamp":"2025-06-19T10:43:15.389Z"}
{"level":"info","message":"GET /api/logs?file=combined","service":"floor-decoration-api","timestamp":"2025-06-19T10:43:15.429Z"}
{"level":"info","message":"GET /api/logs?file=combined","service":"floor-decoration-api","timestamp":"2025-06-19T10:43:17.990Z"}
{"level":"info","message":"GET /api/logs?file=combined","service":"floor-decoration-api","timestamp":"2025-06-19T10:44:10.460Z"}
{"level":"info","message":"GET /api/logs?file=combined","service":"floor-decoration-api","timestamp":"2025-06-19T10:44:11.451Z"}
{"level":"info","message":"GET /api/logs?file=error","service":"floor-decoration-api","timestamp":"2025-06-19T10:44:16.019Z"}
{"level":"info","message":"GET /api/logs?file=combined","service":"floor-decoration-api","timestamp":"2025-06-19T10:45:14.394Z"}
{"level":"info","message":"GET /api/logs?file=combined","service":"floor-decoration-api","timestamp":"2025-06-19T10:45:14.407Z"}
{"level":"info","message":"GET /api/logs?file=combined","service":"floor-decoration-api","timestamp":"2025-06-19T10:45:22.692Z"}
{"level":"info","message":"GET /api/logs?file=combined","service":"floor-decoration-api","timestamp":"2025-06-19T10:51:22.174Z"}
{"level":"info","message":"GET /api/logs?file=combined","service":"floor-decoration-api","timestamp":"2025-06-19T10:51:26.601Z"}
{"level":"info","message":"GET /api/logs?file=combined","service":"floor-decoration-api","timestamp":"2025-06-19T10:51:26.622Z"}
{"level":"info","message":"GET /api/logs?file=error","service":"floor-decoration-api","timestamp":"2025-06-19T10:51:31.016Z"}
{"level":"info","message":"GET /api/logs?file=error","service":"floor-decoration-api","timestamp":"2025-06-19T10:51:32.590Z"}
{"level":"info","message":"GET /api/users","service":"floor-decoration-api","timestamp":"2025-06-19T10:51:39.944Z"}
{"level":"info","message":"GET /api/users","service":"floor-decoration-api","timestamp":"2025-06-19T10:51:39.979Z"}
{"level":"info","message":"GET /api/testimonials","service":"floor-decoration-api","timestamp":"2025-06-19T10:51:49.064Z"}
{"level":"info","message":"GET /api/testimonials","service":"floor-decoration-api","timestamp":"2025-06-19T10:51:49.208Z"}
{"level":"info","message":"POST /api/auth/login","service":"floor-decoration-api","timestamp":"2025-06-19T10:53:33.315Z"}
{"level":"info","message":"POST /api/auth/login","service":"floor-decoration-api","timestamp":"2025-06-19T10:53:40.272Z"}
{"level":"info","message":"GET /api/projects","service":"floor-decoration-api","timestamp":"2025-06-19T10:54:15.190Z"}
{"level":"info","message":"GET /api/projects","service":"floor-decoration-api","timestamp":"2025-06-19T10:54:15.277Z"}
{"level":"info","message":"GET /api/services","service":"floor-decoration-api","timestamp":"2025-06-19T10:54:19.029Z"}
{"level":"info","message":"GET /api/services","service":"floor-decoration-api","timestamp":"2025-06-19T10:54:19.058Z"}
{"level":"info","message":"GET /api/services","service":"floor-decoration-api","timestamp":"2025-06-19T11:00:07.588Z"}
{"level":"info","message":"GET /api/services","service":"floor-decoration-api","timestamp":"2025-06-19T11:00:07.636Z"}
{"level":"info","message":"GET /api/services","service":"floor-decoration-api","timestamp":"2025-06-19T11:01:09.627Z"}
{"level":"info","message":"GET /api/services","service":"floor-decoration-api","timestamp":"2025-06-19T11:01:09.737Z"}
{"level":"info","message":"Database schema initialized","service":"floor-decoration-api","timestamp":"2025-06-19T11:08:08.835Z"}
{"level":"info","message":"Server running on port 5000","service":"floor-decoration-api","timestamp":"2025-06-19T11:08:08.852Z"}
{"level":"info","message":"GET /api/services","service":"floor-decoration-api","timestamp":"2025-06-19T11:11:35.248Z"}
{"level":"info","message":"GET /api/services","service":"floor-decoration-api","timestamp":"2025-06-19T11:11:35.354Z"}
{"level":"info","message":"GET /api/auth/login","service":"floor-decoration-api","timestamp":"2025-06-19T11:12:48.971Z"}
{"level":"info","message":"POST /api/auth/login","service":"floor-decoration-api","timestamp":"2025-06-19T11:12:56.140Z"}
{"level":"info","message":"POST /api/auth/login","service":"floor-decoration-api","timestamp":"2025-06-19T11:14:12.490Z"}
{"level":"info","message":"GET /api/logs","service":"floor-decoration-api","timestamp":"2025-06-19T11:15:44.081Z"}
{"level":"info","message":"GET /api/services","service":"floor-decoration-api","timestamp":"2025-06-19T11:16:06.666Z"}
{"level":"info","message":"GET /api/services","service":"floor-decoration-api","timestamp":"2025-06-19T11:25:20.999Z"}
{"level":"info","message":"GET /api/services","service":"floor-decoration-api","timestamp":"2025-06-19T11:25:21.112Z"}
{"level":"info","message":"Database schema initialized","service":"floor-decoration-api","timestamp":"2025-06-19T11:35:13.918Z"}
{"level":"info","message":"Server running on port 5000","service":"floor-decoration-api","timestamp":"2025-06-19T11:35:13.928Z"}
{"level":"info","message":"GET /api/logs","service":"floor-decoration-api","timestamp":"2025-06-19T11:36:14.815Z"}
{"level":"info","message":"GET /api/services","service":"floor-decoration-api","timestamp":"2025-06-19T11:36:57.116Z"}
{"level":"info","message":"GET /api/services","service":"floor-decoration-api","timestamp":"2025-06-19T11:36:57.322Z"}
{"level":"info","message":"GET /api/log","service":"floor-decoration-api","timestamp":"2025-06-19T11:44:10.677Z"}
{"level":"info","message":"GET /api/logs","service":"floor-decoration-api","timestamp":"2025-06-19T11:44:14.527Z"}
{"level":"info","message":"POST /api/auth/login","service":"floor-decoration-api","timestamp":"2025-06-19T11:44:31.008Z"}
{"level":"info","message":"GET /api/logs","service":"floor-decoration-api","timestamp":"2025-06-19T11:45:07.281Z"}
{"level":"info","message":"GET /api/projects","service":"floor-decoration-api","timestamp":"2025-06-19T11:46:22.328Z"}
{"level":"info","message":"GET /api/projects","service":"floor-decoration-api","timestamp":"2025-06-19T11:46:22.397Z"}
{"level":"info","message":"GET /api/testimonials","service":"floor-decoration-api","timestamp":"2025-06-19T11:46:30.367Z"}
{"level":"info","message":"GET /api/testimonials","service":"floor-decoration-api","timestamp":"2025-06-19T11:46:30.396Z"}
{"level":"info","message":"GET /api/logs?file=combined","service":"floor-decoration-api","timestamp":"2025-06-19T11:46:32.223Z"}
{"level":"info","message":"GET /api/logs?file=combined","service":"floor-decoration-api","timestamp":"2025-06-19T11:46:32.253Z"}
{"level":"info","message":"GET /api/logs?file=combined","service":"floor-decoration-api","timestamp":"2025-06-19T11:46:49.484Z"}
{"level":"info","message":"GET /api/logs?file=combined","service":"floor-decoration-api","timestamp":"2025-06-19T11:46:50.593Z"}
{"level":"info","message":"GET /api/logs?file=combined","service":"floor-decoration-api","timestamp":"2025-06-19T11:46:51.394Z"}
{"level":"info","message":"GET /api/logs?file=combined","service":"floor-decoration-api","timestamp":"2025-06-19T11:51:22.674Z"}
{"level":"info","message":"GET /api/logs?file=combined","service":"floor-decoration-api","timestamp":"2025-06-19T11:51:22.691Z"}
{"level":"info","message":"GET /api/logs?file=combined","service":"floor-decoration-api","timestamp":"2025-06-19T11:51:39.890Z"}
{"level":"info","message":"GET /api/logs?file=combined","service":"floor-decoration-api","timestamp":"2025-06-19T11:54:29.891Z"}
{"level":"info","message":"GET /api/logs?file=combined","service":"floor-decoration-api","timestamp":"2025-06-19T11:54:29.975Z"}
{"level":"info","message":"GET /api/testimonials","service":"floor-decoration-api","timestamp":"2025-06-19T11:56:02.754Z"}
{"level":"info","message":"GET /api/testimonials","service":"floor-decoration-api","timestamp":"2025-06-19T11:56:03.108Z"}
{"level":"info","message":"GET /api/users","service":"floor-decoration-api","timestamp":"2025-06-19T11:56:14.861Z"}
{"level":"info","message":"GET /api/users","service":"floor-decoration-api","timestamp":"2025-06-19T11:56:14.883Z"}
{"level":"info","message":"POST /api/auth/login","service":"floor-decoration-api","timestamp":"2025-06-19T11:59:15.252Z"}
{"level":"info","message":"GET /api/logs?file=combined","service":"floor-decoration-api","timestamp":"2025-06-19T11:59:25.804Z"}
{"level":"info","message":"GET /api/logs?file=combined","service":"floor-decoration-api","timestamp":"2025-06-19T11:59:25.830Z"}
{"level":"info","message":"GET /api/logs?file=error","service":"floor-decoration-api","timestamp":"2025-06-19T11:59:37.076Z"}
{"level":"info","message":"GET /api/users","service":"floor-decoration-api","timestamp":"2025-06-19T11:59:43.038Z"}
{"level":"info","message":"GET /api/users","service":"floor-decoration-api","timestamp":"2025-06-19T11:59:43.076Z"}
{"level":"info","message":"GET /api/testimonials","service":"floor-decoration-api","timestamp":"2025-06-19T11:59:54.089Z"}
{"level":"info","message":"GET /api/testimonials","service":"floor-decoration-api","timestamp":"2025-06-19T11:59:54.139Z"}
{"level":"info","message":"GET /api/services","service":"floor-decoration-api","timestamp":"2025-06-19T12:00:28.217Z"}
{"level":"info","message":"GET /api/services","service":"floor-decoration-api","timestamp":"2025-06-19T12:00:28.385Z"}
{"level":"info","message":"GET /api/projects","service":"floor-decoration-api","timestamp":"2025-06-19T12:09:28.405Z"}
{"level":"info","message":"GET /api/projects","service":"floor-decoration-api","timestamp":"2025-06-19T12:09:28.511Z"}
{"level":"info","message":"GET /api/testimonials","service":"floor-decoration-api","timestamp":"2025-06-19T12:09:31.431Z"}
{"level":"info","message":"GET /api/testimonials","service":"floor-decoration-api","timestamp":"2025-06-19T12:09:31.449Z"}
{"level":"info","message":"GET /api/services","service":"floor-decoration-api","timestamp":"2025-06-19T12:09:32.851Z"}
{"level":"info","message":"GET /api/services","service":"floor-decoration-api","timestamp":"2025-06-19T12:09:32.859Z"}
{"level":"info","message":"GET /api/testimonials","service":"floor-decoration-api","timestamp":"2025-06-19T12:09:36.608Z"}
{"level":"info","message":"GET /api/testimonials","service":"floor-decoration-api","timestamp":"2025-06-19T12:09:36.619Z"}
{"level":"info","message":"GET /api/services","service":"floor-decoration-api","timestamp":"2025-06-19T12:09:40.212Z"}
{"level":"info","message":"GET /api/services","service":"floor-decoration-api","timestamp":"2025-06-19T12:09:40.228Z"}
{"level":"info","message":"GET /api/services","service":"floor-decoration-api","timestamp":"2025-06-19T12:21:00.802Z"}
{"level":"info","message":"GET /api/services","service":"floor-decoration-api","timestamp":"2025-06-19T12:21:00.913Z"}
{"level":"info","message":"DELETE /api/services/2dc1a074-8f15-4eb3-8d2e-62b13e79cea6","service":"floor-decoration-api","timestamp":"2025-06-19T12:21:10.828Z"}
{"level":"info","message":"GET /api/services","service":"floor-decoration-api","timestamp":"2025-06-19T12:22:56.822Z"}
{"level":"info","message":"GET /api/services","service":"floor-decoration-api","timestamp":"2025-06-19T12:22:56.872Z"}
{"level":"info","message":"GET /api/projects","service":"floor-decoration-api","timestamp":"2025-06-19T12:34:53.248Z"}
{"level":"info","message":"GET /api/projects","service":"floor-decoration-api","timestamp":"2025-06-19T12:34:53.295Z"}
{"level":"info","message":"GET /api/projects/4b98a824-68f4-4c7e-bf2f-25b00eff8ef5","service":"floor-decoration-api","timestamp":"2025-06-19T12:35:09.097Z"}
{"level":"info","message":"GET /api/projects/4b98a824-68f4-4c7e-bf2f-25b00eff8ef5","service":"floor-decoration-api","timestamp":"2025-06-19T12:35:09.174Z"}
{"level":"info","message":"GET /api/projects","service":"floor-decoration-api","timestamp":"2025-06-19T13:01:32.953Z"}
{"level":"info","message":"GET /api/projects","service":"floor-decoration-api","timestamp":"2025-06-19T13:01:33.024Z"}
{"level":"info","message":"GET /api/users","service":"floor-decoration-api","timestamp":"2025-06-19T13:01:40.612Z"}
{"level":"info","message":"GET /api/users","service":"floor-decoration-api","timestamp":"2025-06-19T13:01:40.666Z"}
{"level":"info","message":"POST /api/auth/login","service":"floor-decoration-api","timestamp":"2025-06-19T13:11:48.040Z"}
{"level":"info","message":"GET /api/users","service":"floor-decoration-api","timestamp":"2025-06-19T13:11:55.477Z"}
{"level":"info","message":"GET /api/users","service":"floor-decoration-api","timestamp":"2025-06-19T13:11:55.488Z"}
{"level":"info","message":"GET /api/logs?file=combined","service":"floor-decoration-api","timestamp":"2025-06-19T13:11:57.270Z"}
{"level":"info","message":"GET /api/logs?file=combined","service":"floor-decoration-api","timestamp":"2025-06-19T13:11:57.291Z"}
{"level":"info","message":"GET /api/testimonials","service":"floor-decoration-api","timestamp":"2025-06-19T13:12:00.053Z"}
{"level":"info","message":"GET /api/testimonials","service":"floor-decoration-api","timestamp":"2025-06-19T13:12:00.093Z"}
{"level":"info","message":"GET /api/services","service":"floor-decoration-api","timestamp":"2025-06-19T13:12:02.555Z"}
{"level":"info","message":"GET /api/services","service":"floor-decoration-api","timestamp":"2025-06-19T13:12:02.582Z"}
{"level":"info","message":"GET /api/projects","service":"floor-decoration-api","timestamp":"2025-06-19T13:12:05.185Z"}
{"level":"info","message":"GET /api/projects","service":"floor-decoration-api","timestamp":"2025-06-19T13:12:05.204Z"}
{"level":"info","message":"GET /api/services","service":"floor-decoration-api","timestamp":"2025-06-19T13:23:53.362Z"}
{"level":"info","message":"GET /api/services","service":"floor-decoration-api","timestamp":"2025-06-19T13:23:53.404Z"}
{"level":"info","message":"GET /api/services","service":"floor-decoration-api","timestamp":"2025-06-19T13:43:34.533Z"}
{"level":"info","message":"GET /api/services","service":"floor-decoration-api","timestamp":"2025-06-19T13:43:34.615Z"}
{"level":"info","message":"GET /api/services","service":"floor-decoration-api","timestamp":"2025-06-19T13:43:34.814Z"}
{"level":"info","message":"GET /api/services","service":"floor-decoration-api","timestamp":"2025-06-19T13:43:34.904Z"}
{"level":"info","message":"GET /api/services","service":"floor-decoration-api","timestamp":"2025-06-19T14:52:37.166Z"}
{"level":"info","message":"GET /api/projects","service":"floor-decoration-api","timestamp":"2025-06-19T14:53:04.927Z"}
{"level":"info","message":"GET /api/projects","service":"floor-decoration-api","timestamp":"2025-06-19T14:53:13.685Z"}
{"level":"info","message":"GET /api/services","service":"floor-decoration-api","timestamp":"2025-06-19T15:10:05.375Z"}
{"level":"info","message":"GET /api/testimonials","service":"floor-decoration-api","timestamp":"2025-06-19T15:14:17.345Z"}
{"level":"info","message":"GET /api/testimonials","service":"floor-decoration-api","timestamp":"2025-06-19T15:14:17.379Z"}
{"level":"info","message":"GET /api/testimonials","service":"floor-decoration-api","timestamp":"2025-06-19T15:14:48.984Z"}
{"level":"info","message":"GET /api/testimonials","service":"floor-decoration-api","timestamp":"2025-06-19T15:14:55.286Z"}
{"level":"info","message":"GET /api/projects","service":"floor-decoration-api","timestamp":"2025-06-19T16:00:22.862Z"}
{"level":"info","message":"GET /api/projects","service":"floor-decoration-api","timestamp":"2025-06-19T16:00:23.025Z"}
{"level":"info","message":"GET /api/projects","service":"floor-decoration-api","timestamp":"2025-06-19T16:30:54.553Z"}
{"level":"info","message":"GET /api/projects","service":"floor-decoration-api","timestamp":"2025-06-19T16:30:54.851Z"}
{"level":"info","message":"GET /api/projects","service":"floor-decoration-api","timestamp":"2025-06-19T16:32:27.809Z"}
{"level":"info","message":"GET /api/projects","service":"floor-decoration-api","timestamp":"2025-06-19T16:32:28.113Z"}
